Resource Usage Report for MSS_top 

Mapping to part: m2s010tq144std
Cell usage:
CCC             1 use
CLKINT          2 uses
MSS_010         1 use
OR3             3 uses
RCOSC_25_50MHZ  1 use
CFG1           4 uses
CFG2           96 uses
CFG3           194 uses
CFG4           426 uses

Carry primitives used for arithmetic functions:
ARI1           79 uses


Sequential Cells: 
SLE            337 uses

DSP Blocks:    0

I/O ports: 21
I/O primitives: 21
BIBUF          2 uses
INBUF          1 use
OUTBUF         17 uses
SYSRESET       1 use


Global Clock Buffers: 2


Total LUTs:    799

Extra resources required for RAM and MACC interface logic during P&R:

RAM64x18 Interface Logic : SLEs = 0; LUTs = 0;
RAM1K18  Interface Logic : SLEs = 0; LUTs = 0;
MACC     Interface Logic : SLEs = 0; LUTs = 0;

Total number of SLEs after P&R:  337 + 0 + 0 + 0 = 337;
Total number of LUTs after P&R:  799 + 0 + 0 + 0 = 799;

