
Starting:    C:\Microsemi\Libero_v11.5\Synopsys\synplify_I201403MSP1\win64\mbin\synbatch.exe
Install:     C:\Microsemi\Libero_v11.5\Synopsys\synplify_I201403MSP1
Date:        Sun Oct 04 22:10:06 2015
Version:     I-2014.03M-SP1

Arguments:   -product synplify_pro  -licensetype synplifypro_actel -batch -log synplify.log top_syn.tcl
ProductType: synplify_pro

License checkout: synplifypro_actel
License: synplifypro_actel node-locked 
Licensed Vendor: actel
License Option: actel_oem

Running in Vendor Mode


Implementation not found: synthesis

log file: "C:\Users\kruci_000\Desktop\SoC\i2c\Quadra\synthesis\top.srr"



Running top_syn|synthesis


Running: Compile on top_syn|synthesis


Running: Compile Process on top_syn|synthesis


Running: Compile Input on top_syn|synthesis

Copied C:\Users\kruci_000\Desktop\SoC\i2c\Quadra\synthesis\synwork\top_comp.srs to C:\Users\kruci_000\Desktop\SoC\i2c\Quadra\synthesis\top.srs


compiler Completed
Return Code: 0
Run Time:0h:00m:04s


Running: Multi-srs Generator on top_syn|synthesis

Copied C:\Users\kruci_000\Desktop\SoC\i2c\Quadra\synthesis\synwork\top_comp.srs to C:\Users\kruci_000\Desktop\SoC\i2c\Quadra\synthesis\synwork\top_s.srs


multi_srs_gen Completed
Return Code: 0
Run Time:0h:00m:00s

Copied C:\Users\kruci_000\Desktop\SoC\i2c\Quadra\synthesis\synwork\top_mult.srs to C:\Users\kruci_000\Desktop\SoC\i2c\Quadra\synthesis\top.srs

Complete: Compile Process on top_syn|synthesis


Running: Pre-mapping on top_syn|synthesis

Copied C:\Users\kruci_000\Desktop\SoC\i2c\Quadra\synthesis\top.sap to C:\Users\kruci_000\Desktop\SoC\i2c\Quadra\synthesis\synwork\top_s.sap


premap Completed with warnings
Return Code: 1
Run Time:0h:00m:00s

Complete: Compile on top_syn|synthesis


Running: Map on top_syn|synthesis


Running: Map & Optimize on top_syn|synthesis

Copied C:\Users\kruci_000\Desktop\SoC\i2c\Quadra\synthesis\synwork\top_m.srm to C:\Users\kruci_000\Desktop\SoC\i2c\Quadra\synthesis\top.srm


fpga_mapper Completed with warnings
Return Code: 1
Run Time:0h:00m:03s

Complete: Map on top_syn|synthesis

Complete: Logic Synthesis on top_syn|synthesis

Copied C:\Users\kruci_000\Desktop\SoC\i2c\Quadra\synthesis\top.srr to C:\Users\kruci_000\Desktop\SoC\i2c\Quadra\synthesis\backup\top.srr

TCL script complete: "top_syn.tcl"

exit status=0

exit status=0

License checkin: synplifypro_actel

