Resource Usage Report for mss_top 

Mapping to part: m2s010tq144std
Cell usage:
CCC             1 use
CLKINT          2 uses
MSS_010         1 use
OR3             3 uses
RCOSC_25_50MHZ  1 use
CFG1           4 uses
CFG2           158 uses
CFG3           170 uses
CFG4           442 uses

Carry primitives used for arithmetic functions:
ARI1           166 uses


Sequential Cells: 
SLE            406 uses

DSP Blocks:    0

I/O ports: 9
I/O primitives: 9
BIBUF          2 uses
INBUF          1 use
OUTBUF         5 uses
SYSRESET       1 use


Global Clock Buffers: 2


Total LUTs:    940

Extra resources required for RAM and MACC interface logic during P&R:

RAM64x18 Interface Logic : SLEs = 0; LUTs = 0;
RAM1K18  Interface Logic : SLEs = 0; LUTs = 0;
MACC     Interface Logic : SLEs = 0; LUTs = 0;

Total number of SLEs after P&R:  406 + 0 + 0 + 0 = 406;
Total number of LUTs after P&R:  940 + 0 + 0 + 0 = 940;

