********************************************************************
I/O Bank Report - Date: Fri Dec 04 23:07:19 2015
Product: Designer
Release: v11.5 SP3
Version: 11.5.3.10
Design Name: MSS_top
Family: SmartFusion2
Die: M2S010
Package: 144 TQ
********************************************************************


I/O Function:

    Type                                  | w/o register  | w/ register  | w/ DDR register
    --------------------------------------|---------------|--------------|----------------
    Input I/O                             | 1             | 0            | 0
    Output I/O                            | 17            | 0            | 0
    Bidirectional I/O                     | 2             | 0            | 0
    Differential Input I/O Pairs          | 0             | 0            | 0
    Differential Output I/O Pairs         | 0             | 0            | 0

I/O Technology:

                                    |   Voltages    |             I/Os              
    --------------------------------|-------|-------|-------|--------|--------------
    I/O Standard(s)                 | Vddi  | Vref  | Input | Output | Bidirectional
    --------------------------------|-------|-------|-------|--------|--------------
    LVCMOS33                        | 3.30v | N/A   | 1     | 17     | 0            
    LVCMOS25                        | 2.50v | N/A   | 0     | 0      | 2            

I/O Bank Resource Usage:

          |   Voltages    | Single I/Os  | Diff I/O Pairs |        Vref I/Os        |  Type   
          |-------|-------|------|-------|-------|--------|------|-------|----------|---------
          | Vddi  | Vref  | Used | Total | Used  | Total  | Used | Total | Vref Pins|         
    ------|-------|-------|------|-------|-------|--------|------|-------|----------|---------
    Bank0 | 2.50v | N/A   | 2    | 23    | 0     | 12     | N/A  | N/A   | N/A      | DDRIO   
    Bank1 | N/A   | N/A   | 0    | 0     | 0     | 0      | N/A  | N/A   | N/A      | MSIO    
    Bank2 | 3.30v | N/A   | 14   | 16    | 0     | 8      | N/A  | N/A   | N/A      | MSIO    
    Bank3 | N/A   | N/A   | 0    | 0     | 0     | 0      | N/A  | N/A   | N/A      | JTAG    
    Bank4 | 3.30v | N/A   | 4    | 18    | 0     | 9      | N/A  | N/A   | N/A      | MSIO    
    Bank5 | N/A   | N/A   | 0    | 0     | 0     | 0      | N/A  | N/A   | N/A      | MSIOD   
    Bank6 | N/A   | N/A   | 0    | 11    | 0     | 6      | N/A  | N/A   | N/A      | MSIOD   
    Bank7 | N/A   | N/A   | 0    | 16    | 0     | 7      | N/A  | N/A   | N/A      | MSIO    


I/O Voltage Usage:

       Voltages    |     I/Os     
    -------|-------|------|-------
     Vddi  | Vref  | Used | Total 
    -------|-------|------|-------
     2.50v | N/A   | 2    | 23    
     3.30v | N/A   | 18   | 34    

