Resource Usage Report for top 

Mapping to part: m2s010tq144std
Cell usage:
CCC             1 use
CLKINT          2 uses
RCOSC_25_50MHZ  1 use
CFG1           6 uses
CFG2           42 uses
CFG3           42 uses
CFG4           84 uses

Carry primitives used for arithmetic functions:
ARI1           29 uses


Sequential Cells: 
SLE            124 uses

DSP Blocks:    0

I/O ports: 2
I/O primitives: 2
INBUF          1 use
OUTBUF         1 use


Global Clock Buffers: 2


Total LUTs:    203

Extra resources required for RAM and MACC interface logic during P&R:

RAM64x18 Interface Logic : SLEs = 36; LUTs = 36;
RAM1K18  Interface Logic : SLEs = 0; LUTs = 0;
MACC     Interface Logic : SLEs = 0; LUTs = 0;

Total number of SLEs after P&R:  124 + 36 + 0 + 0 = 160;
Total number of LUTs after P&R:  203 + 36 + 0 + 0 = 239;

