C:\Microsemi\Libero_v11.5\Synopsys\synplify_I201403MSP1\bin64\c_hdl.exe  -osyn  C:\Users\kruci_000\Desktop\SoC\i2c\Quadra\synthesis\synwork\top_comp.srs  -top  work.top  -hdllog  C:\Users\kruci_000\Desktop\SoC\i2c\Quadra\synthesis\synlog\top_compiler.srr  -encrypt  -vhdl  -prodtype  synplify_pro  -primux -dspmac -pqdpadd -fixsmult -divnmod -nram  -encrypt  -pro  -dmgen  C:\Users\kruci_000\Desktop\SoC\i2c\Quadra\synthesis\dm  -lite -ui -fid2 -ram -sharing on -ll 2000 -autosm  -ignore_undefined_lib  -lib work C:\Users\kruci_000\Desktop\SoC\i2c\Quadra\component\work\top\FCCC_0\top_FCCC_0_FCCC.vhd -lib work C:\Users\kruci_000\Desktop\SoC\i2c\Quadra\component\Actel\SgCore\OSC\1.0.103\osc_comps.vhd -lib work C:\Users\kruci_000\Desktop\SoC\i2c\Quadra\component\work\top\OSC_0\top_OSC_0_OSC.vhd -lib COREABC_LIB C:\Users\kruci_000\Desktop\SoC\i2c\Quadra\component\work\top\COREABC_0\rtl\vhdl\core\ram256x16_rtl.vhd -lib COREABC_LIB C:\Users\kruci_000\Desktop\SoC\i2c\Quadra\component\work\top\COREABC_0\rtl\vhdl\core\ram256x8_rtl.vhd -lib COREABC_LIB C:\Users\kruci_000\Desktop\SoC\i2c\Quadra\component\work\top\COREABC_0\rtl\vhdl\core\ram128x8_smartfusion2.vhd -lib COREABC_LIB C:\Users\kruci_000\Desktop\SoC\i2c\Quadra\component\work\top\COREABC_0\rtl\vhdl\core\support.vhd -lib COREABC_LIB C:\Users\kruci_000\Desktop\SoC\i2c\Quadra\component\work\top\COREABC_0\rtl\vhdl\core\ramblocks.vhd -lib COREABC_LIB C:\Users\kruci_000\Desktop\SoC\i2c\Quadra\component\work\top\COREABC_0\rtl\vhdl\core\acmtable.vhd -lib COREABC_LIB C:\Users\kruci_000\Desktop\SoC\i2c\Quadra\component\work\top\COREABC_0\rtl\vhdl\core\instructions.vhd -lib COREABC_LIB C:\Users\kruci_000\Desktop\SoC\i2c\Quadra\component\work\top\COREABC_0\rtl\vhdl\core\iram512x9_rtl.vhd -lib COREABC_LIB C:\Users\kruci_000\Desktop\SoC\i2c\Quadra\component\work\top\COREABC_0\rtl\vhdl\core\instructram.vhd -lib COREABC_LIB C:\Users\kruci_000\Desktop\SoC\i2c\Quadra\component\work\top\COREABC_0\rtl\vhdl\core\instructnvm_bb.vhd -lib COREABC_LIB C:\Users\kruci_000\Desktop\SoC\i2c\Quadra\component\work\top\COREABC_0\rtl\vhdl\test\misc.vhd -lib COREABC_LIB C:\Users\kruci_000\Desktop\SoC\i2c\Quadra\component\work\top\COREABC_0\rtl\vhdl\test\textio.vhd -lib COREABC_LIB C:\Users\kruci_000\Desktop\SoC\i2c\Quadra\component\work\top\COREABC_0\rtl\vhdl\core\debugblk.vhd -lib COREABC_LIB C:\Users\kruci_000\Desktop\SoC\i2c\Quadra\component\work\top\COREABC_0\rtl\vhdl\core\coreabc.vhd -lib COREAPB3_LIB C:\Users\kruci_000\Desktop\SoC\i2c\Quadra\component\Actel\DirectCore\CoreAPB3\4.1.100\rtl\vhdl\core\coreapb3_muxptob3.vhd -lib COREAPB3_LIB C:\Users\kruci_000\Desktop\SoC\i2c\Quadra\component\Actel\DirectCore\CoreAPB3\4.1.100\rtl\vhdl\core\coreapb3_iaddr_reg.vhd -lib COREAPB3_LIB C:\Users\kruci_000\Desktop\SoC\i2c\Quadra\component\Actel\DirectCore\CoreAPB3\4.1.100\rtl\vhdl\core\coreapb3.vhd -lib COREUARTAPB_LIB C:\Users\kruci_000\Desktop\SoC\i2c\Quadra\component\work\top\CoreUARTapb_0\rtl\vhdl\core\Clock_gen.vhd -lib COREUARTAPB_LIB C:\Users\kruci_000\Desktop\SoC\i2c\Quadra\component\work\top\CoreUARTapb_0\rtl\vhdl\core\Tx_async.vhd -lib COREUARTAPB_LIB C:\Users\kruci_000\Desktop\SoC\i2c\Quadra\component\work\top\CoreUARTapb_0\rtl\vhdl\core\Rx_async.vhd -lib COREUARTAPB_LIB C:\Users\kruci_000\Desktop\SoC\i2c\Quadra\component\work\top\CoreUARTapb_0\rtl\vhdl\core\fifo_256x8_g4.vhd -lib COREUARTAPB_LIB C:\Users\kruci_000\Desktop\SoC\i2c\Quadra\component\work\top\CoreUARTapb_0\rtl\vhdl\core\coreuart_pkg.vhd -lib COREUARTAPB_LIB C:\Users\kruci_000\Desktop\SoC\i2c\Quadra\component\work\top\CoreUARTapb_0\rtl\vhdl\core\CoreUART.vhd -lib COREUARTAPB_LIB C:\Users\kruci_000\Desktop\SoC\i2c\Quadra\component\work\top\CoreUARTapb_0\rtl\vhdl\core\CoreUARTapb.vhd -lib COREABC_LIB C:\Users\kruci_000\Desktop\SoC\i2c\Quadra\component\work\top\COREABC_0\rtl\vhdl\core\components.vhd -lib COREAPB3_LIB C:\Users\kruci_000\Desktop\SoC\i2c\Quadra\component\Actel\DirectCore\CoreAPB3\4.1.100\rtl\vhdl\core\components.vhd -lib COREUARTAPB_LIB C:\Users\kruci_000\Desktop\SoC\i2c\Quadra\component\work\top\CoreUARTapb_0\rtl\vhdl\core\components.vhd -lib work C:\Users\kruci_000\Desktop\SoC\i2c\Quadra\component\work\top\top.vhd  -verilog  -prodtype  synplify_pro  -primux -dspmac -pqdpadd -fixsmult -divnmod -nram   -I C:\Users\kruci_000\Desktop\SoC\i2c\Quadra\synthesis\  -I C:\Microsemi\Libero_v11.5\Synopsys\synplify_I201403MSP1\lib   -v2001  -devicelib  C:\Microsemi\Libero_v11.5\Synopsys\synplify_I201403MSP1\lib\generic\smartfusion2.v  -encrypt  -pro  -dmgen  C:\Users\kruci_000\Desktop\SoC\i2c\Quadra\synthesis\dm  -ui -fid2 -ram -sharing on -ll 2000 -autosm  -lib work C:\Users\kruci_000\Desktop\SoC\i2c\Quadra\hdl\rx_tx.v 
rc:0 success:1
C:\Users\kruci_000\Desktop\SoC\i2c\Quadra\synthesis\synwork\top_comp.srs|o|1443985808|59425
C:\Users\kruci_000\Desktop\SoC\i2c\Quadra\synthesis\synlog\top_compiler.srr|o|1443985808|38081
C:\Users\kruci_000\Desktop\SoC\i2c\Quadra\component\work\top\FCCC_0\top_FCCC_0_FCCC.vhd|i|1443985787|5554
C:\Users\kruci_000\Desktop\SoC\i2c\Quadra\component\Actel\SgCore\OSC\1.0.103\osc_comps.vhd|i|1440060231|2164
C:\Users\kruci_000\Desktop\SoC\i2c\Quadra\component\work\top\OSC_0\top_OSC_0_OSC.vhd|i|1443985789|880
C:\Users\kruci_000\Desktop\SoC\i2c\Quadra\component\work\top\COREABC_0\rtl\vhdl\core\ram256x16_rtl.vhd|i|1443985785|1722
C:\Users\kruci_000\Desktop\SoC\i2c\Quadra\component\work\top\COREABC_0\rtl\vhdl\core\ram256x8_rtl.vhd|i|1443985785|1715
C:\Users\kruci_000\Desktop\SoC\i2c\Quadra\component\work\top\COREABC_0\rtl\vhdl\core\ram128x8_smartfusion2.vhd|i|1443985785|5214
C:\Users\kruci_000\Desktop\SoC\i2c\Quadra\component\work\top\COREABC_0\rtl\vhdl\core\support.vhd|i|1443985785|48784
C:\Users\kruci_000\Desktop\SoC\i2c\Quadra\component\work\top\COREABC_0\rtl\vhdl\core\ramblocks.vhd|i|1443985785|15938
C:\Users\kruci_000\Desktop\SoC\i2c\Quadra\component\work\top\COREABC_0\rtl\vhdl\core\acmtable.vhd|i|1443985784|1740
C:\Users\kruci_000\Desktop\SoC\i2c\Quadra\component\work\top\COREABC_0\rtl\vhdl\core\instructions.vhd|i|1443985784|97225
C:\Users\kruci_000\Desktop\SoC\i2c\Quadra\component\work\top\COREABC_0\rtl\vhdl\core\iram512x9_rtl.vhd|i|1443985785|3339
C:\Users\kruci_000\Desktop\SoC\i2c\Quadra\component\work\top\COREABC_0\rtl\vhdl\core\instructram.vhd|i|1443985785|11237
C:\Users\kruci_000\Desktop\SoC\i2c\Quadra\component\work\top\COREABC_0\rtl\vhdl\core\instructnvm_bb.vhd|i|1443985785|2359
C:\Users\kruci_000\Desktop\SoC\i2c\Quadra\component\work\top\COREABC_0\rtl\vhdl\test\misc.vhd|i|1443985785|11784
C:\Users\kruci_000\Desktop\SoC\i2c\Quadra\component\work\top\COREABC_0\rtl\vhdl\test\textio.vhd|i|1443985785|21171
C:\Users\kruci_000\Desktop\SoC\i2c\Quadra\component\work\top\COREABC_0\rtl\vhdl\core\debugblk.vhd|i|1443985785|16513
C:\Users\kruci_000\Desktop\SoC\i2c\Quadra\component\work\top\COREABC_0\rtl\vhdl\core\coreabc.vhd|i|1443985785|42208
C:\Users\kruci_000\Desktop\SoC\i2c\Quadra\component\Actel\DirectCore\CoreAPB3\4.1.100\rtl\vhdl\core\coreapb3_muxptob3.vhd|i|1440060229|9523
C:\Users\kruci_000\Desktop\SoC\i2c\Quadra\component\Actel\DirectCore\CoreAPB3\4.1.100\rtl\vhdl\core\coreapb3_iaddr_reg.vhd|i|1440060229|5757
C:\Users\kruci_000\Desktop\SoC\i2c\Quadra\component\Actel\DirectCore\CoreAPB3\4.1.100\rtl\vhdl\core\coreapb3.vhd|i|1440060229|78851
C:\Users\kruci_000\Desktop\SoC\i2c\Quadra\component\work\top\CoreUARTapb_0\rtl\vhdl\core\Clock_gen.vhd|i|1443985785|12888
C:\Users\kruci_000\Desktop\SoC\i2c\Quadra\component\work\top\CoreUARTapb_0\rtl\vhdl\core\Tx_async.vhd|i|1443985785|11195
C:\Users\kruci_000\Desktop\SoC\i2c\Quadra\component\work\top\CoreUARTapb_0\rtl\vhdl\core\Rx_async.vhd|i|1443985785|21552
C:\Users\kruci_000\Desktop\SoC\i2c\Quadra\component\work\top\CoreUARTapb_0\rtl\vhdl\core\fifo_256x8_g4.vhd|i|1443985785|17513
C:\Users\kruci_000\Desktop\SoC\i2c\Quadra\component\work\top\CoreUARTapb_0\rtl\vhdl\core\coreuart_pkg.vhd|i|1443985785|487
C:\Users\kruci_000\Desktop\SoC\i2c\Quadra\component\work\top\CoreUARTapb_0\rtl\vhdl\core\CoreUART.vhd|i|1443985785|22257
C:\Users\kruci_000\Desktop\SoC\i2c\Quadra\component\work\top\CoreUARTapb_0\rtl\vhdl\core\CoreUARTapb.vhd|i|1443985785|17722
C:\Users\kruci_000\Desktop\SoC\i2c\Quadra\component\work\top\COREABC_0\rtl\vhdl\core\components.vhd|i|1443985785|4363
C:\Users\kruci_000\Desktop\SoC\i2c\Quadra\component\Actel\DirectCore\CoreAPB3\4.1.100\rtl\vhdl\core\components.vhd|i|1440060229|6172
C:\Users\kruci_000\Desktop\SoC\i2c\Quadra\component\work\top\CoreUARTapb_0\rtl\vhdl\core\components.vhd|i|1443985785|2707
C:\Users\kruci_000\Desktop\SoC\i2c\Quadra\component\work\top\top.vhd|i|1443985789|28266
C:\Microsemi\Libero_v11.5\Synopsys\synplify_I201403MSP1\lib\generic\smartfusion2.v|i|1412928306|16424
C:\Users\kruci_000\Desktop\SoC\i2c\Quadra\hdl\rx_tx.v|i|1443985365|141
C:\Microsemi\Libero_v11.5\Synopsys\synplify_I201403MSP1\bin\c_hdl.exe|i|1412881952|685568
C:\Microsemi\Libero_v11.5\Synopsys\synplify_I201403MSP1\bin64\c_hdl.exe|i|1412882146|3877888
